TN:
SF:src\main.ts
FN:24,(anonymous_0)
FN:28,(anonymous_1)
FN:39,(anonymous_3)
FN:45,(anonymous_4)
FN:51,(anonymous_5)
FN:57,(anonymous_6)
FN:60,(anonymous_7)
FN:65,(anonymous_8)
FN:71,(anonymous_9)
FN:76,(anonymous_11)
FN:76,(anonymous_12)
FN:92,(anonymous_13)
FN:93,(anonymous_14)
FN:103,(anonymous_15)
FN:116,(anonymous_17)
FN:136,(anonymous_18)
FN:149,(anonymous_19)
FN:160,(anonymous_21)
FN:165,(anonymous_23)
FN:170,(anonymous_25)
FN:175,(anonymous_27)
FN:180,(anonymous_29)
FN:194,(anonymous_31)
FN:199,(anonymous_32)
FN:223,(anonymous_34)
FN:229,(anonymous_35)
FN:235,(anonymous_36)
FN:241,(anonymous_37)
FN:254,(anonymous_38)
FN:262,(anonymous_39)
FN:267,(anonymous_40)
FN:283,(anonymous_42)
FN:284,(anonymous_43)
FN:311,(anonymous_44)
FN:311,(anonymous_45)
FN:328,(anonymous_46)
FN:340,(anonymous_47)
FN:349,(anonymous_48)
FN:355,(anonymous_49)
FN:366,(anonymous_51)
FN:367,(anonymous_52)
FN:386,(anonymous_53)
FN:386,(anonymous_54)
FN:395,(anonymous_55)
FN:407,(anonymous_56)
FNF:45
FNH:1
FNDA:9,(anonymous_0)
FNDA:0,(anonymous_1)
FNDA:0,(anonymous_3)
FNDA:0,(anonymous_4)
FNDA:0,(anonymous_5)
FNDA:0,(anonymous_6)
FNDA:0,(anonymous_7)
FNDA:0,(anonymous_8)
FNDA:0,(anonymous_9)
FNDA:0,(anonymous_11)
FNDA:0,(anonymous_12)
FNDA:0,(anonymous_13)
FNDA:0,(anonymous_14)
FNDA:0,(anonymous_15)
FNDA:0,(anonymous_17)
FNDA:0,(anonymous_18)
FNDA:0,(anonymous_19)
FNDA:0,(anonymous_21)
FNDA:0,(anonymous_23)
FNDA:0,(anonymous_25)
FNDA:0,(anonymous_27)
FNDA:0,(anonymous_29)
FNDA:0,(anonymous_31)
FNDA:0,(anonymous_32)
FNDA:0,(anonymous_34)
FNDA:0,(anonymous_35)
FNDA:0,(anonymous_36)
FNDA:0,(anonymous_37)
FNDA:0,(anonymous_38)
FNDA:0,(anonymous_39)
FNDA:0,(anonymous_40)
FNDA:0,(anonymous_42)
FNDA:0,(anonymous_43)
FNDA:0,(anonymous_44)
FNDA:0,(anonymous_45)
FNDA:0,(anonymous_46)
FNDA:0,(anonymous_47)
FNDA:0,(anonymous_48)
FNDA:0,(anonymous_49)
FNDA:0,(anonymous_51)
FNDA:0,(anonymous_52)
FNDA:0,(anonymous_53)
FNDA:0,(anonymous_54)
FNDA:0,(anonymous_55)
FNDA:0,(anonymous_56)
DA:1,1
DA:2,1
DA:3,1
DA:4,1
DA:6,1
DA:24,1
DA:25,9
DA:29,0
DA:31,0
DA:32,0
DA:34,0
DA:36,0
DA:39,0
DA:42,0
DA:45,0
DA:48,0
DA:51,0
DA:54,0
DA:57,0
DA:60,0
DA:61,0
DA:64,0
DA:65,0
DA:68,0
DA:72,0
DA:74,0
DA:76,0
DA:77,0
DA:78,0
DA:79,0
DA:80,0
DA:82,0
DA:86,0
DA:88,0
DA:89,0
DA:91,0
DA:92,0
DA:93,0
DA:95,0
DA:96,0
DA:97,0
DA:100,0
DA:104,0
DA:114,0
DA:115,0
DA:116,0
DA:118,0
DA:119,0
DA:120,0
DA:122,0
DA:123,0
DA:124,0
DA:125,0
DA:128,0
DA:129,0
DA:131,0
DA:132,0
DA:136,0
DA:137,0
DA:138,0
DA:143,0
DA:146,0
DA:150,0
DA:151,0
DA:152,0
DA:153,0
DA:157,0
DA:161,0
DA:162,0
DA:166,0
DA:167,0
DA:171,0
DA:172,0
DA:176,0
DA:177,0
DA:181,0
DA:182,0
DA:183,0
DA:185,0
DA:186,0
DA:195,0
DA:196,0
DA:200,0
DA:201,0
DA:202,0
DA:204,0
DA:205,0
DA:206,0
DA:208,0
DA:210,0
DA:211,0
DA:213,0
DA:214,0
DA:220,0
DA:221,0
DA:222,0
DA:223,0
DA:226,0
DA:227,0
DA:228,0
DA:229,0
DA:232,0
DA:233,0
DA:234,0
DA:235,0
DA:238,0
DA:239,0
DA:240,0
DA:241,0
DA:244,0
DA:246,0
DA:247,0
DA:250,0
DA:253,0
DA:254,0
DA:260,0
DA:263,0
DA:264,0
DA:268,0
DA:269,0
DA:270,0
DA:272,0
DA:273,0
DA:275,0
DA:276,0
DA:277,0
DA:280,0
DA:281,0
DA:284,0
DA:285,0
DA:286,0
DA:288,0
DA:291,0
DA:292,0
DA:297,0
DA:298,0
DA:300,0
DA:308,0
DA:310,0
DA:311,0
DA:312,0
DA:313,0
DA:314,0
DA:315,0
DA:318,0
DA:319,0
DA:320,0
DA:323,0
DA:324,0
DA:325,0
DA:326,0
DA:328,0
DA:329,0
DA:331,0
DA:335,0
DA:336,0
DA:339,0
DA:340,0
DA:347,0
DA:350,0
DA:351,0
DA:352,0
DA:356,0
DA:357,0
DA:358,0
DA:360,0
DA:361,0
DA:363,0
DA:364,0
DA:367,0
DA:368,0
DA:369,0
DA:371,0
DA:374,0
DA:375,0
DA:379,0
DA:381,0
DA:386,0
DA:387,0
DA:388,0
DA:389,0
DA:392,0
DA:393,0
DA:394,0
DA:395,0
DA:396,0
DA:398,0
DA:402,0
DA:403,0
DA:406,0
DA:407,0
LF:191
LH:7
BRDA:76,0,0,0
BRDA:122,1,0,0
BRDA:122,1,1,0
BRDA:123,2,0,0
BRDA:123,2,1,0
BRDA:124,3,0,0
BRDA:124,3,1,0
BRDA:125,4,0,0
BRDA:125,4,1,0
BRDA:129,5,0,0
BRDA:129,5,1,0
BRDA:136,6,0,0
BRDA:136,6,1,0
BRDA:183,7,0,0
BRDA:183,7,1,0
BRDA:206,8,0,0
BRDA:206,8,1,0
BRDA:213,9,0,0
BRDA:213,9,1,0
BRDA:213,10,0,0
BRDA:213,10,1,0
BRDA:220,11,0,0
BRDA:220,11,1,0
BRDA:226,12,0,0
BRDA:226,12,1,0
BRDA:232,13,0,0
BRDA:232,13,1,0
BRDA:238,14,0,0
BRDA:238,14,1,0
BRDA:246,15,0,0
BRDA:246,15,1,0
BRDA:280,16,0,0
BRDA:280,16,1,0
BRDA:282,17,0,0
BRDA:282,17,1,0
BRDA:285,18,0,0
BRDA:285,18,1,0
BRDA:313,19,0,0
BRDA:313,19,1,0
BRDA:318,20,0,0
BRDA:318,20,1,0
BRDA:328,21,0,0
BRDA:328,21,1,0
BRDA:328,22,0,0
BRDA:328,22,1,0
BRDA:328,23,0,0
BRDA:328,23,1,0
BRDA:365,24,0,0
BRDA:365,24,1,0
BRDA:368,25,0,0
BRDA:368,25,1,0
BRDA:387,26,0,0
BRDA:387,26,1,0
BRDA:395,27,0,0
BRDA:395,27,1,0
BRDA:395,28,0,0
BRDA:395,28,1,0
BRDA:395,29,0,0
BRDA:395,29,1,0
BRF:59
BRH:0
end_of_record
